====
Starting job 3035134 at Tue 16 Mar 18:00:45 GMT 2021 for user dc-bamb1.
Running on nodes: m[6107-6110]
====

===================================================================================
=   BAD TERMINATION OF ONE OF YOUR APPLICATION PROCESSES
=   RANK 0 PID 21757 RUNNING AT m6107
=   EXIT STATUS: 255
===================================================================================

===================================================================================
=   BAD TERMINATION OF ONE OF YOUR APPLICATION PROCESSES
=   RANK 1 PID 21758 RUNNING AT m6107
=   EXIT STATUS: 255
===================================================================================

===================================================================================
=   BAD TERMINATION OF ONE OF YOUR APPLICATION PROCESSES
=   RANK 2 PID 21759 RUNNING AT m6107
=   KILLED BY SIGNAL: 9 (Killed)
===================================================================================

===================================================================================
=   BAD TERMINATION OF ONE OF YOUR APPLICATION PROCESSES
=   RANK 3 PID 21760 RUNNING AT m6107
=   KILLED BY SIGNAL: 9 (Killed)
===================================================================================
